[2022-11-21 15:45:32,531][DEBUG|main_client.py:536] >> [error] 로그인 정보 없음 API.txt 작성 후 로그인
[2022-11-21 15:45:32,618][DEBUG|main_client.py:293] >> 한글 name 불러들이기 성공, 총 = 114
[2022-11-21 15:45:32,618][DEBUG|main_client.py:778] >> socket_client_thread start
[2022-11-21 15:45:32,703][DEBUG|main_client.py:800] >> 소켓 서버 접속 완료
[2022-11-21 15:45:32,703][DEBUG|main_client.py:803] >> 입장로그 : 02김도훈
[2022-11-21 15:45:50,416][DEBUG|main_client.py:536] >> [error] 로그인 정보 없음 API.txt 작성 후 로그인
[2022-11-21 15:45:50,496][DEBUG|main_client.py:293] >> 한글 name 불러들이기 성공, 총 = 114
[2022-11-21 15:45:50,496][DEBUG|main_client.py:778] >> socket_client_thread start
[2022-11-21 15:45:50,551][DEBUG|main_client.py:800] >> 소켓 서버 접속 완료
[2022-11-21 15:45:50,553][DEBUG|main_client.py:803] >> 입장로그 : 02김도훈
[2022-11-21 15:46:03,007][DEBUG|main_client.py:536] >> [error] 로그인 정보 없음 API.txt 작성 후 로그인
[2022-11-21 15:46:03,092][DEBUG|main_client.py:293] >> 한글 name 불러들이기 성공, 총 = 114
[2022-11-21 15:46:03,093][DEBUG|main_client.py:778] >> socket_client_thread start
[2022-11-21 15:46:03,137][DEBUG|main_client.py:800] >> 소켓 서버 접속 완료
[2022-11-21 15:46:03,138][DEBUG|main_client.py:803] >> 입장로그 : 02김도훈
[2022-11-21 15:47:08,450][DEBUG|main_client.py:536] >> [error] 로그인 정보 없음 API.txt 작성 후 로그인
[2022-11-21 15:47:08,539][DEBUG|main_client.py:293] >> 한글 name 불러들이기 성공, 총 = 114
[2022-11-21 15:47:08,539][DEBUG|main_client.py:778] >> socket_client_thread start
[2022-11-21 15:47:08,580][DEBUG|main_client.py:800] >> 소켓 서버 접속 완료
[2022-11-21 15:47:08,582][DEBUG|main_client.py:803] >> 입장로그 : 02김도훈
[2022-11-21 15:47:16,722][DEBUG|main_client.py:536] >> [error] 로그인 정보 없음 API.txt 작성 후 로그인
[2022-11-21 15:47:16,805][DEBUG|main_client.py:293] >> 한글 name 불러들이기 성공, 총 = 114
[2022-11-21 15:47:16,805][DEBUG|main_client.py:778] >> socket_client_thread start
[2022-11-21 15:47:16,872][DEBUG|main_client.py:800] >> 소켓 서버 접속 완료
[2022-11-21 15:47:16,873][DEBUG|main_client.py:803] >> 입장로그 : 02김도훈
[2022-11-21 15:47:27,684][DEBUG|main_client.py:536] >> [error] 로그인 정보 없음 API.txt 작성 후 로그인
[2022-11-21 15:47:27,764][DEBUG|main_client.py:293] >> 한글 name 불러들이기 성공, 총 = 114
[2022-11-21 15:47:27,764][DEBUG|main_client.py:778] >> socket_client_thread start
[2022-11-21 15:47:27,811][DEBUG|main_client.py:800] >> 소켓 서버 접속 완료
[2022-11-21 15:47:27,814][DEBUG|main_client.py:803] >> 입장로그 : 02김도훈
[2022-11-21 15:47:53,101][DEBUG|main_client.py:536] >> [error] 로그인 정보 없음 API.txt 작성 후 로그인
[2022-11-21 15:47:53,191][DEBUG|main_client.py:293] >> 한글 name 불러들이기 성공, 총 = 114
[2022-11-21 15:47:53,191][DEBUG|main_client.py:778] >> socket_client_thread start
[2022-11-21 15:47:53,231][DEBUG|main_client.py:800] >> 소켓 서버 접속 완료
[2022-11-21 15:47:53,242][DEBUG|main_client.py:803] >> 입장로그 : 02김도훈
[2022-11-21 15:48:47,335][DEBUG|main_client.py:536] >> [error] 로그인 정보 없음 API.txt 작성 후 로그인
[2022-11-21 15:48:47,435][DEBUG|main_client.py:293] >> 한글 name 불러들이기 성공, 총 = 114
[2022-11-21 15:48:47,436][DEBUG|main_client.py:778] >> socket_client_thread start
[2022-11-21 15:48:47,507][DEBUG|main_client.py:800] >> 소켓 서버 접속 완료
[2022-11-21 15:48:47,508][DEBUG|main_client.py:803] >> 입장로그 : 02김도훈
[2022-11-21 15:52:31,664][DEBUG|main_client.py:539] >> [error] 로그인 정보 없음 API.txt 작성 후 로그인
[2022-11-21 15:52:31,759][DEBUG|main_client.py:296] >> 한글 name 불러들이기 성공, 총 = 114
[2022-11-21 15:52:31,759][DEBUG|main_client.py:781] >> socket_client_thread start
[2022-11-21 15:52:31,842][DEBUG|main_client.py:803] >> 소켓 서버 접속 완료
[2022-11-21 15:52:31,843][DEBUG|main_client.py:806] >> 입장로그 : 02김도훈
[2022-11-21 15:53:02,882][DEBUG|main_client.py:539] >> [system] 로그인 정보 있음 로그인 시도
[2022-11-21 15:53:02,977][DEBUG|main_client.py:539] >> [system] 로그인 성공
[2022-11-21 15:53:03,061][DEBUG|main_client.py:296] >> 한글 name 불러들이기 성공, 총 = 114
[2022-11-21 15:53:03,061][DEBUG|main_client.py:781] >> socket_client_thread start
[2022-11-21 15:53:03,110][DEBUG|main_client.py:803] >> 소켓 서버 접속 완료
[2022-11-21 15:53:03,111][DEBUG|main_client.py:806] >> 입장로그 : 02김도훈
[2022-11-21 15:53:37,659][DEBUG|main_client.py:811] >> 수신된 데이터 :SEL;KRW-DOGE
[2022-11-21 15:53:37,662][DEBUG|main_client.py:374] >> [msg] 데이터 수신 : SEL;KRW-DOGE
[2022-11-21 15:53:37,664][DEBUG|main_client.py:422] >> 'KRW-DOGE'
[2022-11-21 15:53:37,666][DEBUG|main_client.py:423] >> Traceback (most recent call last):
  File "C:\Users\taeya\PycharmProjects\mandleda\upbit_project\Upbit_followTrading\main_client.py", line 411, in msg_by_server
    if symbol in coin_list[symbol]:
KeyError: 'KRW-DOGE'

[2022-11-21 15:55:01,647][DEBUG|main_client.py:727] >> 차트 업데이트
[2022-11-21 15:57:07,837][DEBUG|main_client.py:539] >> [system] 로그인 정보 있음 로그인 시도
[2022-11-21 15:57:07,906][DEBUG|main_client.py:539] >> [system] 로그인 성공
[2022-11-21 15:57:08,001][DEBUG|main_client.py:296] >> 한글 name 불러들이기 성공, 총 = 114
[2022-11-21 15:57:08,001][DEBUG|main_client.py:781] >> socket_client_thread start
[2022-11-21 15:57:08,060][DEBUG|main_client.py:803] >> 소켓 서버 접속 완료
[2022-11-21 15:57:08,060][DEBUG|main_client.py:806] >> 입장로그 : 02김도훈
[2022-11-21 15:57:19,859][DEBUG|main_client.py:539] >> [system] 로그인 정보 있음 로그인 시도
[2022-11-21 15:57:19,930][DEBUG|main_client.py:539] >> [system] 로그인 성공
[2022-11-21 15:57:20,006][DEBUG|main_client.py:296] >> 한글 name 불러들이기 성공, 총 = 114
[2022-11-21 15:57:20,007][DEBUG|main_client.py:781] >> socket_client_thread start
[2022-11-21 15:57:20,084][DEBUG|main_client.py:803] >> 소켓 서버 접속 완료
[2022-11-21 15:57:20,084][DEBUG|main_client.py:806] >> 입장로그 : 02김도훈
[2022-11-21 15:57:24,558][DEBUG|main_client.py:811] >> 수신된 데이터 :SEL;KRW-DOGE
[2022-11-21 15:57:24,561][DEBUG|main_client.py:374] >> [msg] 데이터 수신 : SEL;KRW-DOGE
[2022-11-21 15:58:23,956][DEBUG|main_client.py:539] >> [system] 로그인 정보 있음 로그인 시도
[2022-11-21 15:58:24,035][DEBUG|main_client.py:539] >> [system] 로그인 성공
[2022-11-21 15:58:24,117][DEBUG|main_client.py:296] >> 한글 name 불러들이기 성공, 총 = 114
[2022-11-21 15:58:24,118][DEBUG|main_client.py:781] >> socket_client_thread start
[2022-11-21 15:58:24,175][DEBUG|main_client.py:803] >> 소켓 서버 접속 완료
[2022-11-21 15:58:24,176][DEBUG|main_client.py:806] >> 입장로그 : 02김도훈
[2022-11-21 15:58:28,641][DEBUG|main_client.py:811] >> 수신된 데이터 :SEL;KRW-DOGE
[2022-11-21 15:58:28,643][DEBUG|main_client.py:374] >> [msg] 데이터 수신 : SEL;KRW-DOGE
[2022-11-21 15:58:28,645][DEBUG|main_client.py:418] >> 보유하지 않은 코인 매도 주문 KRW-DOGE
[2022-11-21 15:58:45,519][DEBUG|main_client.py:553] >> Cell Clicked Row: 2, Column: 3, Value: ETC
[2022-11-21 15:58:47,055][DEBUG|main_client.py:553] >> Cell Clicked Row: 3, Column: 4, Value: BCH
[2022-11-21 15:58:48,947][DEBUG|main_client.py:553] >> Cell Clicked Row: 1, Column: 3, Value: XRP
[2022-11-21 15:59:44,159][DEBUG|main_client.py:816] >> [WinError 10054] 현재 연결은 원격 호스트에 의해 강제로 끊겼습니다
[2022-11-21 15:59:44,161][DEBUG|main_client.py:819] >> 소켓 서버 접속 불가 재접속중 ...
[2022-11-21 15:59:48,185][DEBUG|main_client.py:803] >> 소켓 서버 접속 완료
[2022-11-21 15:59:48,185][DEBUG|main_client.py:806] >> 입장로그 : 02김도훈
[2022-11-21 16:00:01,003][DEBUG|main_client.py:727] >> 차트 업데이트
