[2022-07-29 12:50:07,595][DEBUG|kw_main.py:15] >> window start
[2022-07-29 12:53:20,642][DEBUG|kw_main.py:15] >> window start
[2022-07-29 12:54:05,418][DEBUG|kw_main.py:15] >> window start
[2022-07-29 12:54:24,354][DEBUG|kw_main.py:15] >> window start
[2022-07-29 12:54:55,883][DEBUG|kw_main.py:15] >> window start
[2022-07-29 12:57:37,016][DEBUG|kw_main.py:15] >> window start
[2022-07-29 12:58:05,810][DEBUG|kw_main.py:15] >> window start
[2022-07-29 13:00:31,099][DEBUG|kw_main.py:15] >> window start
[2022-07-29 13:04:29,783][DEBUG|kw_main.py:15] >> window start
[2022-07-29 13:07:10,485][DEBUG|kw_main.py:15] >> window start
[2022-07-29 13:10:36,262][DEBUG|kw_main.py:15] >> window start
[2022-07-29 13:11:15,713][DEBUG|kw_main.py:15] >> window start
[2022-07-29 13:11:46,599][DEBUG|kw_main.py:15] >> window start
[2022-07-29 13:14:05,725][DEBUG|kw_main.py:15] >> window start
[2022-07-29 13:14:37,473][DEBUG|kw_main.py:15] >> window start
[2022-07-29 13:15:01,575][DEBUG|kw_main.py:15] >> window start
[2022-07-29 13:16:26,200][DEBUG|kw_main.py:15] >> window start
[2022-07-29 13:30:04,044][DEBUG|kw_main.py:16] >> window start
[2022-07-29 13:31:44,429][DEBUG|kw_main.py:16] >> window start
[2022-07-29 13:33:25,504][DEBUG|kw_main.py:16] >> window start
[2022-07-29 13:36:49,433][DEBUG|kw_main.py:16] >> window start
[2022-07-29 13:38:14,869][DEBUG|kw_main.py:16] >> window start
[2022-07-29 13:39:26,719][DEBUG|kw_main.py:16] >> window start
[2022-07-29 13:41:16,426][DEBUG|kw_main.py:16] >> window start
[2022-07-29 13:42:33,484][DEBUG|kw_main.py:16] >> window start
[2022-07-29 13:44:28,028][DEBUG|kw_main.py:16] >> window start
[2022-07-29 13:45:52,344][DEBUG|kw_main.py:16] >> window start
[2022-07-29 13:48:15,490][DEBUG|kw_main.py:16] >> window start
[2022-07-29 13:49:09,391][DEBUG|kw_main.py:16] >> window start
[2022-07-29 13:51:28,000][DEBUG|kw_main.py:16] >> window start
[2022-07-29 13:52:44,968][DEBUG|kw_main.py:16] >> window start
[2022-07-29 13:54:43,729][DEBUG|kw_main.py:16] >> window start
[2022-07-29 13:58:50,955][DEBUG|kw_main.py:16] >> window start
[2022-07-29 14:02:01,638][DEBUG|kw_main.py:16] >> window start
[2022-07-29 14:04:44,208][DEBUG|kw_main.py:16] >> window start
[2022-07-29 14:07:12,548][DEBUG|kw_main.py:16] >> window start
[2022-07-29 14:08:32,378][DEBUG|kw_main.py:16] >> window start
[2022-07-29 14:10:47,840][DEBUG|kw_main.py:16] >> window start
[2022-07-29 14:12:38,277][DEBUG|kw_main.py:16] >> window start
[2022-07-29 14:15:45,799][DEBUG|kw_main.py:16] >> window start
[2022-07-29 14:17:33,284][DEBUG|kw_main.py:16] >> window start
[2022-07-29 14:18:56,404][DEBUG|kw_main.py:16] >> window start
[2022-07-29 14:19:56,544][DEBUG|kw_main.py:16] >> window start
[2022-07-29 14:31:29,461][DEBUG|kw_main.py:16] >> window start
[2022-07-29 14:36:47,465][DEBUG|kw_main.py:16] >> window start
[2022-07-29 15:42:25,547][DEBUG|kw_main.py:16] >> window start
[2022-07-29 15:52:08,588][DEBUG|kw_main.py:16] >> window start
[2022-07-29 15:52:54,761][DEBUG|kw_main.py:16] >> window start
[2022-07-29 15:55:11,173][DEBUG|kw_main.py:16] >> window start
[2022-07-29 15:59:18,682][DEBUG|kw_main.py:16] >> window start
[2022-07-29 17:47:06,531][DEBUG|kw_main.py:16] >> window start
[2022-07-29 17:50:23,685][DEBUG|kw_main.py:16] >> window start
[2022-07-29 17:52:58,682][DEBUG|kw_main.py:16] >> window start
[2022-07-29 17:53:16,833][DEBUG|kw_main.py:16] >> window start
[2022-07-29 17:57:34,089][DEBUG|kw_main.py:16] >> window start
[2022-07-29 17:59:27,723][DEBUG|kw_main.py:16] >> window start
[2022-07-29 18:00:59,201][DEBUG|kw_main.py:16] >> window start
[2022-07-29 18:02:23,982][DEBUG|kw_main.py:16] >> window start
[2022-07-29 18:05:49,315][DEBUG|kw_main.py:16] >> window start
[2022-07-29 18:07:30,362][DEBUG|kw_main.py:16] >> window start
[2022-07-29 18:12:22,750][DEBUG|kw_main.py:16] >> window start
[2022-07-29 18:12:56,775][DEBUG|kw_main.py:16] >> window start
[2022-07-29 18:13:19,961][DEBUG|kw_main.py:16] >> window start
[2022-07-29 18:16:46,704][DEBUG|kw_main.py:16] >> window start
[2022-07-29 18:21:31,578][DEBUG|kw_main.py:16] >> window start
[2022-07-29 18:25:26,261][DEBUG|kw_main.py:16] >> window start
[2022-07-29 18:27:16,079][DEBUG|kw_main.py:16] >> window start
[2022-07-29 18:29:43,711][DEBUG|kw_main.py:16] >> window start
[2022-07-29 18:42:39,714][DEBUG|kw_main.py:16] >> window start
[2022-07-29 19:02:54,288][DEBUG|kw_main.py:16] >> window start
[2022-07-29 19:04:05,762][DEBUG|kw_main.py:16] >> window start
[2022-07-29 19:05:48,170][DEBUG|kw_main.py:16] >> window start
[2022-07-29 19:08:12,544][DEBUG|kw_main.py:16] >> window start
[2022-07-29 19:09:07,699][DEBUG|kw_main.py:16] >> window start
[2022-07-29 19:10:16,593][DEBUG|kw_main.py:16] >> window start
[2022-07-29 19:11:38,181][DEBUG|kw_main.py:16] >> window start
[2022-07-29 19:15:58,484][DEBUG|kw_main.py:16] >> window start
[2022-07-29 19:17:24,214][DEBUG|kw_main.py:16] >> window start
[2022-07-29 19:18:08,388][DEBUG|kw_main.py:16] >> window start
[2022-07-29 19:18:10,617][DEBUG|kw_main.py:159] >> '종목코드'
[2022-07-29 19:18:10,619][DEBUG|kw_main.py:160] >> Traceback (most recent call last):
  File "C:/Users/kdonn/PycharmProjects/pythonProject/testdH/kw_main.py", line 152, in update_jango
    self.table_maedo.setItem(i, 0, QTableWidgetItem(kw.jango["종목리스트"][0]["종목코드"]))
KeyError: '종목코드'

[2022-07-29 19:18:51,701][DEBUG|kw_main.py:16] >> window start
[2022-07-29 19:20:08,326][DEBUG|kw_main.py:16] >> window start
[2022-07-29 19:20:11,771][DEBUG|kw_main.py:160] >> 'Kiwoom' object has no attribute 'kw'
[2022-07-29 19:20:11,772][DEBUG|kw_main.py:161] >> Traceback (most recent call last):
  File "C:/Users/kdonn/PycharmProjects/pythonProject/testdH/kw_main.py", line 151, in update_jango
    self.table_con.setRowCount(len(kw.kw.jango["종목리스트"]))
AttributeError: 'Kiwoom' object has no attribute 'kw'

[2022-07-29 19:20:32,666][DEBUG|kw_main.py:16] >> window start
[2022-07-29 19:20:52,667][DEBUG|kw_main.py:16] >> window start
[2022-07-29 19:21:19,858][DEBUG|kw_main.py:16] >> window start
[2022-07-29 19:22:45,659][DEBUG|kw_main.py:16] >> window start
