[2022-07-31 15:20:29,198][DEBUG|kw_main.py:22] >> window start
[2022-07-31 15:20:29,664][DEBUG|kw_main.py:66] >> except
[2022-07-31 15:20:29,665][DEBUG|kw_main.py:67] >> Traceback (most recent call last):
  File "C:/Users/kdonn/PycharmProjects/pythonProject/testdH/kw_main.py", line 47, in init
    kospi_code_list = kw.GetCodeListByMarket("0")
NameError: name 'kw' is not defined

[2022-07-31 15:20:58,432][DEBUG|kw_main.py:22] >> window start
[2022-07-31 15:20:58,793][DEBUG|kw_main.py:66] >> except
[2022-07-31 15:20:58,794][DEBUG|kw_main.py:67] >> Traceback (most recent call last):
  File "C:/Users/kdonn/PycharmProjects/pythonProject/testdH/kw_main.py", line 47, in init
    kospi_code_list = kw.GetCodeListByMarket("0")
AttributeError: 'Kiwoom' object has no attribute 'GetCodeListByMarket'

[2022-07-31 15:26:33,377][DEBUG|kw_main.py:281] >> window start
[2022-07-31 15:26:47,365][DEBUG|kw_main.py:22] >> window start
[2022-07-31 15:26:47,716][DEBUG|kw_main.py:298] >> name 'kw' is not defined
[2022-07-31 15:26:47,717][DEBUG|kw_main.py:299] >> Traceback (most recent call last):
  File "C:/Users/kdonn/PycharmProjects/pythonProject/testdH/kw_main.py", line 296, in <module>
    system_run()
  File "C:/Users/kdonn/PycharmProjects/pythonProject/testdH/kw_main.py", line 291, in system_run
    myWindow = MyWindow()
  File "C:/Users/kdonn/PycharmProjects/pythonProject/testdH/kw_main.py", line 33, in __init__
    self.get_info()
  File "C:/Users/kdonn/PycharmProjects/pythonProject/testdH/kw_main.py", line 90, in get_info
    account_cnt = kw.GetLoginInfo("ACCOUNT_CNT")
NameError: name 'kw' is not defined

[2022-07-31 15:28:12,255][DEBUG|kw_main.py:264] >> window start
[2022-07-31 15:28:12,407][DEBUG|kw_main.py:22] >> window start
[2022-07-31 15:38:42,984][DEBUG|kw_main.py:263] >> window start
[2022-07-31 15:49:57,776][DEBUG|kw_main.py:263] >> window start
[2022-07-31 15:50:28,749][DEBUG|kw_main.py:263] >> window start
[2022-07-31 15:50:57,888][DEBUG|kw_main.py:192] >> '예수금'
[2022-07-31 15:50:57,889][DEBUG|kw_main.py:193] >> Traceback (most recent call last):
  File "C:/Users/kdonn/PycharmProjects/pythonProject/testdH/kw_main.py", line 174, in update_jango
    self.table_jango.setItem(0,0,QTableWidgetItem(kw.jango["예수금"]))
KeyError: '예수금'

[2022-07-31 15:52:49,687][DEBUG|kw_main.py:263] >> window start
[2022-07-31 15:54:36,208][DEBUG|kw_main.py:192] >> '예수금'
[2022-07-31 15:54:36,208][DEBUG|kw_main.py:193] >> Traceback (most recent call last):
  File "C:/Users/kdonn/PycharmProjects/pythonProject/testdH/kw_main.py", line 174, in update_jango
    self.table_jango.setItem(0,0,QTableWidgetItem(kw.jango["예수금"]))
KeyError: '예수금'

[2022-07-31 16:12:35,161][DEBUG|kw_main.py:263] >> window start
[2022-07-31 16:14:05,435][DEBUG|kw_main.py:263] >> window start
[2022-07-31 16:15:49,362][DEBUG|kw_main.py:259] >> window start
[2022-07-31 16:16:27,527][DEBUG|kw_main.py:188] >> '예수금'
[2022-07-31 16:16:27,527][DEBUG|kw_main.py:189] >> Traceback (most recent call last):
  File "C:/Users/kdonn/PycharmProjects/pythonProject/testdH/kw_main.py", line 170, in update_jango
    self.table_jango.setItem(0,0,QTableWidgetItem(kw.jango["예수금"]))
KeyError: '예수금'

[2022-07-31 16:18:40,637][DEBUG|kw_main.py:259] >> window start
[2022-07-31 16:19:10,187][DEBUG|kw_main.py:259] >> window start
[2022-07-31 16:20:34,663][DEBUG|kw_main.py:256] >> window start
[2022-07-31 16:20:41,504][DEBUG|kw.py:44] >> login is done 0
[2022-07-31 16:20:41,653][DEBUG|kw.py:80] >> condition is got
[2022-07-31 16:20:41,654][DEBUG|kw.py:84] >> 수집된 조건식명 리스트 : ['000^1번조건식', '001^2번조건식']
[2022-07-31 16:20:41,654][DEBUG|kw.py:87] >> [['000', '1번조건식'], ['001', '2번조건식']]
[2022-07-31 16:20:41,655][DEBUG|kw.py:95] >> 조건식 조회 성공
[2022-07-31 16:20:41,656][DEBUG|kw.py:95] >> 조건식 조회 성공
[2022-07-31 16:20:42,022][DEBUG|kw.py:297] >> 잔고요청 전송됨
[2022-07-31 16:20:47,044][DEBUG|kw_main.py:95] >> None
[2022-07-31 16:20:47,044][DEBUG|kw_main.py:96] >> ['6105352410']
[2022-07-31 16:20:47,044][DEBUG|kw_main.py:104] >> 1, ['6105352410'], 1017dh, 김도훈, 
[2022-07-31 16:25:19,347][DEBUG|kw_main.py:254] >> window start
[2022-07-31 16:25:37,987][DEBUG|kw.py:44] >> login is done 0
[2022-07-31 16:25:52,337][DEBUG|kw_main.py:254] >> window start
[2022-07-31 16:26:05,067][DEBUG|kw.py:44] >> login is done 0
[2022-07-31 16:26:05,801][DEBUG|kw.py:80] >> condition is got
[2022-07-31 16:26:05,803][DEBUG|kw.py:84] >> 수집된 조건식명 리스트 : ['000^1번조건식', '001^2번조건식']
[2022-07-31 16:26:05,803][DEBUG|kw.py:87] >> [['000', '1번조건식'], ['001', '2번조건식']]
[2022-07-31 16:26:05,804][DEBUG|kw.py:95] >> 조건식 조회 성공
[2022-07-31 16:26:05,804][DEBUG|kw.py:95] >> 조건식 조회 성공
[2022-07-31 16:26:06,150][DEBUG|kw_main.py:100] >> 1, ['6105352410'], 1017dh, 김도훈, 
[2022-07-31 16:26:06,151][DEBUG|kw.py:297] >> 잔고요청 전송됨
[2022-07-31 16:26:23,208][DEBUG|kw_main.py:254] >> window start
[2022-07-31 16:26:29,956][DEBUG|kw.py:44] >> login is done 0
[2022-07-31 16:26:30,761][DEBUG|kw.py:80] >> condition is got
[2022-07-31 16:26:30,763][DEBUG|kw.py:84] >> 수집된 조건식명 리스트 : ['000^1번조건식', '001^2번조건식']
[2022-07-31 16:26:30,763][DEBUG|kw.py:87] >> [['000', '1번조건식'], ['001', '2번조건식']]
[2022-07-31 16:26:30,763][DEBUG|kw.py:95] >> 조건식 조회 성공
[2022-07-31 16:26:30,764][DEBUG|kw.py:95] >> 조건식 조회 성공
[2022-07-31 16:26:31,109][DEBUG|kw_main.py:100] >> 1, ['6105352410'], 1017dh, 김도훈, 
[2022-07-31 16:26:31,109][DEBUG|kw.py:297] >> 잔고요청 전송됨
[2022-07-31 16:29:09,931][DEBUG|kw_main.py:254] >> window start
[2022-07-31 16:29:22,154][DEBUG|kw.py:44] >> login is done 0
[2022-07-31 16:29:22,907][DEBUG|kw.py:80] >> condition is got
[2022-07-31 16:29:22,908][DEBUG|kw.py:84] >> 수집된 조건식명 리스트 : ['000^1번조건식', '001^2번조건식']
[2022-07-31 16:29:22,908][DEBUG|kw.py:87] >> [['000', '1번조건식'], ['001', '2번조건식']]
[2022-07-31 16:29:22,909][DEBUG|kw.py:95] >> 조건식 조회 성공
[2022-07-31 16:29:22,909][DEBUG|kw.py:95] >> 조건식 조회 성공
[2022-07-31 16:29:23,247][DEBUG|kw_main.py:100] >> 1, ['6105352410'], 1017dh, 김도훈, 
[2022-07-31 16:29:23,247][DEBUG|kw.py:297] >> 잔고요청 전송됨
[2022-07-31 16:29:49,887][DEBUG|kw.py:44] >> login is done -106
[2022-07-31 16:29:52,549][DEBUG|kw_main.py:190] >> '예수금'
[2022-07-31 16:29:52,549][DEBUG|kw_main.py:191] >> Traceback (most recent call last):
  File "C:/Users/kdonn/PycharmProjects/pythonProject/testdH/kw_main.py", line 172, in update_jango
    self.table_jango.setItem(0,0,QTableWidgetItem(kw.jango["예수금"]))
KeyError: '예수금'

[2022-07-31 16:29:52,549][DEBUG|kw_main.py:193] >> {}
[2022-07-31 16:29:58,026][DEBUG|kw.py:258] >> 구독해지됨
[2022-07-31 16:30:01,263][DEBUG|kw_main.py:167] >> -300
[2022-07-31 16:30:02,049][DEBUG|kw_main.py:156] >> -300
[2022-07-31 16:31:18,019][DEBUG|kw_main.py:254] >> window start
[2022-07-31 16:31:30,215][DEBUG|kw.py:44] >> login is done 0
[2022-07-31 16:31:31,286][DEBUG|kw.py:80] >> condition is got
[2022-07-31 16:31:31,287][DEBUG|kw.py:84] >> 수집된 조건식명 리스트 : ['000^1번조건식', '001^2번조건식']
[2022-07-31 16:31:31,287][DEBUG|kw.py:87] >> [['000', '1번조건식'], ['001', '2번조건식']]
[2022-07-31 16:31:31,288][DEBUG|kw.py:95] >> 조건식 조회 성공
[2022-07-31 16:31:31,288][DEBUG|kw.py:95] >> 조건식 조회 성공
[2022-07-31 16:31:31,622][DEBUG|kw_main.py:100] >> 1, ['6105352410'], 1017dh, 김도훈, 
[2022-07-31 16:31:31,622][DEBUG|kw.py:297] >> 잔고요청 전송됨
[2022-07-31 16:31:45,982][DEBUG|kw_main.py:254] >> window start
[2022-07-31 16:31:59,936][DEBUG|kw.py:44] >> login is done 0
[2022-07-31 16:32:00,640][DEBUG|kw.py:80] >> condition is got
[2022-07-31 16:32:00,641][DEBUG|kw.py:84] >> 수집된 조건식명 리스트 : ['000^1번조건식', '001^2번조건식']
[2022-07-31 16:32:00,642][DEBUG|kw.py:87] >> [['000', '1번조건식'], ['001', '2번조건식']]
[2022-07-31 16:32:00,642][DEBUG|kw.py:95] >> 조건식 조회 성공
[2022-07-31 16:32:00,643][DEBUG|kw.py:95] >> 조건식 조회 성공
[2022-07-31 16:32:00,955][DEBUG|kw_main.py:100] >> 1, ['6105352410'], 1017dh, 김도훈, 
[2022-07-31 16:32:00,955][DEBUG|kw.py:297] >> 잔고요청 전송됨
[2022-07-31 16:32:18,167][DEBUG|kw_main.py:254] >> window start
[2022-07-31 16:32:29,807][DEBUG|kw.py:44] >> login is done 0
[2022-07-31 16:32:30,518][DEBUG|kw.py:80] >> condition is got
[2022-07-31 16:32:30,519][DEBUG|kw.py:84] >> 수집된 조건식명 리스트 : ['000^1번조건식', '001^2번조건식']
[2022-07-31 16:32:30,519][DEBUG|kw.py:87] >> [['000', '1번조건식'], ['001', '2번조건식']]
[2022-07-31 16:32:30,520][DEBUG|kw.py:95] >> 조건식 조회 성공
[2022-07-31 16:32:30,520][DEBUG|kw.py:95] >> 조건식 조회 성공
[2022-07-31 16:32:30,834][DEBUG|kw_main.py:100] >> 1, ['6105352410'], 1017dh, 김도훈, 
[2022-07-31 16:32:30,834][DEBUG|kw.py:297] >> 잔고요청 전송됨
[2022-07-31 16:32:30,876][DEBUG|kw.py:302] >> 잔고요청 성공
[2022-07-31 16:32:30,934][DEBUG|kw.py:276] >> OnReceiveMsg 0101, 잔고요청, opw00005, [100000] 조회가 완료되었습니다
[2022-07-31 16:32:30,935][DEBUG|kw.py:145] >> OnReceiveTrData 0101, 잔고요청, opw00005, , 
[2022-07-31 16:32:33,010][DEBUG|kw_main.py:193] >> {'예수금': '100000', '예수금D+1': '100000', '예수금D+2': '59383', '출금가능금액': '83411', '미수확보금': '', '현금미수금': '', '주식매수총액': '40615', '증거금현금': '16589', '평가금액합계': '40618', '종목리스트': [{'종목번호': 'A045510', '종목명': '정원엔시스', '현재가': '2115', '매입금액': '38025', '평가금액': '37983'}, {'종목번호': 'A050090', '종목명': '비케이홀딩스', '현재가': '570', '매입금액': '565', '평가금액': '569'}, {'종목번호': 'A242040', '종목명': '나무기술', '현재가': '2070', '매입금액': '2025', '평가금액': '2066'}]}
[2022-07-31 16:32:59,346][DEBUG|kw_main.py:254] >> window start
[2022-07-31 16:33:10,953][DEBUG|kw.py:44] >> login is done 0
[2022-07-31 16:33:11,657][DEBUG|kw.py:80] >> condition is got
[2022-07-31 16:33:11,658][DEBUG|kw.py:84] >> 수집된 조건식명 리스트 : ['000^1번조건식', '001^2번조건식']
[2022-07-31 16:33:11,658][DEBUG|kw.py:87] >> [['000', '1번조건식'], ['001', '2번조건식']]
[2022-07-31 16:33:11,659][DEBUG|kw.py:95] >> 조건식 조회 성공
[2022-07-31 16:33:11,659][DEBUG|kw.py:95] >> 조건식 조회 성공
[2022-07-31 16:33:11,973][DEBUG|kw_main.py:100] >> 1, ['6105352410'], 1017dh, 김도훈, 
[2022-07-31 16:33:11,974][DEBUG|kw.py:297] >> 잔고요청 전송됨
[2022-07-31 16:33:12,016][DEBUG|kw.py:302] >> 잔고요청 성공
[2022-07-31 16:33:12,074][DEBUG|kw.py:276] >> OnReceiveMsg 0101, 잔고요청, opw00005, [100000] 조회가 완료되었습니다
[2022-07-31 16:33:12,075][DEBUG|kw.py:145] >> OnReceiveTrData 0101, 잔고요청, opw00005, , 
[2022-07-31 16:33:14,501][DEBUG|kw_main.py:193] >> {'예수금': '100000', '예수금D+1': '100000', '예수금D+2': '59383', '출금가능금액': '83411', '미수확보금': '', '현금미수금': '', '주식매수총액': '40615', '증거금현금': '16589', '평가금액합계': '40618', '종목리스트': [{'종목번호': 'A045510', '종목명': '정원엔시스', '현재가': '2115', '매입금액': '38025', '평가금액': '37983'}, {'종목번호': 'A050090', '종목명': '비케이홀딩스', '현재가': '570', '매입금액': '565', '평가금액': '569'}, {'종목번호': 'A242040', '종목명': '나무기술', '현재가': '2070', '매입금액': '2025', '평가금액': '2066'}]}
