[2022-09-17 01:10:16,759][DEBUG|TYANT_2.14.py:4531] >> marty74 : 프로그램 작동 감시자 - 이상없음
[2022-09-17 01:10:24,501][DEBUG|TYANT_2.14.py:3406] >> Heartbeat...ing
[2022-09-17 02:25:46,854][DEBUG|TYANT_2.14.py:4531] >> marty74 : 프로그램 작동 감시자 - 이상없음
[2022-09-17 02:25:54,524][DEBUG|TYANT_2.14.py:3406] >> Heartbeat...ing
[2022-09-17 03:41:18,191][DEBUG|TYANT_2.14.py:4531] >> marty74 : 프로그램 작동 감시자 - 이상없음
[2022-09-17 03:41:25,865][DEBUG|TYANT_2.14.py:3406] >> Heartbeat...ing
[2022-09-17 04:56:45,813][DEBUG|TYANT_2.14.py:4531] >> marty74 : 프로그램 작동 감시자 - 이상없음
[2022-09-17 04:56:53,415][DEBUG|TYANT_2.14.py:3406] >> Heartbeat...ing
[2022-09-17 06:12:16,861][DEBUG|TYANT_2.14.py:4531] >> marty74 : 프로그램 작동 감시자 - 이상없음
[2022-09-17 06:12:24,477][DEBUG|TYANT_2.14.py:3406] >> Heartbeat...ing
[2022-09-17 06:57:06,004][DEBUG|TYANT_2.14.py:3816] >> data avr = 49563.13, server avr =49462.88
[2022-09-17 06:57:06,005][DEBUG|TYANT_2.14.py:3825] >> ETC
[2022-09-17 06:57:06,005][DEBUG|TYANT_2.14.py:3826] >> 273.37028302
[2022-09-17 06:57:06,006][DEBUG|TYANT_2.14.py:3827] >> 49462.88
[2022-09-17 06:57:06,007][DEBUG|TYANT_2.14.py:3903] >> list_val {'currency': 'ETC', 'balance': '273.37028302', 'avg_buy_price': '49462.88'}
[2022-09-17 06:57:06,007][DEBUG|TYANT_2.14.py:3913] >> ETC
[2022-09-17 06:57:06,008][DEBUG|TYANT_2.14.py:3915] >> 273.37028302
[2022-09-17 06:57:06,008][DEBUG|TYANT_2.14.py:3916] >> 49462.88
[2022-09-17 06:57:06,009][DEBUG|TYANT_2.14.py:3928] >> fir_price=53340.0, div_per=-1.7, stage=6, next_buy_price=47899.32
[2022-09-17 07:27:51,373][DEBUG|TYANT_2.14.py:4531] >> marty74 : 프로그램 작동 감시자 - 이상없음
[2022-09-17 07:27:58,966][DEBUG|TYANT_2.14.py:3406] >> Heartbeat...ing
[2022-09-17 08:21:44,535][DEBUG|TYANT_2.14.py:3816] >> data avr = 49462.88, server avr =49359.29
[2022-09-17 08:21:44,539][DEBUG|TYANT_2.14.py:3825] >> ETC
[2022-09-17 08:21:44,542][DEBUG|TYANT_2.14.py:3826] >> 294.20361635
[2022-09-17 08:21:44,544][DEBUG|TYANT_2.14.py:3827] >> 49359.2896
[2022-09-17 08:21:44,547][DEBUG|TYANT_2.14.py:3903] >> list_val {'currency': 'ETC', 'balance': '294.20361635', 'avg_buy_price': '49359.2896'}
[2022-09-17 08:21:44,549][DEBUG|TYANT_2.14.py:3913] >> ETC
[2022-09-17 08:21:44,554][DEBUG|TYANT_2.14.py:3915] >> 294.20361635
[2022-09-17 08:21:44,557][DEBUG|TYANT_2.14.py:3916] >> 49359.2896
[2022-09-17 08:21:44,559][DEBUG|TYANT_2.14.py:3928] >> fir_price=53340.0, div_per=-1.7, stage=6, next_buy_price=47899.32
[2022-09-17 08:43:29,062][DEBUG|TYANT_2.14.py:4531] >> marty74 : 프로그램 작동 감시자 - 이상없음
[2022-09-17 08:43:36,759][DEBUG|TYANT_2.14.py:3406] >> Heartbeat...ing
[2022-09-17 09:00:04,229][DEBUG|TYANT_2.14.py:2163] >> 매일 오전 9시 로그 기록 클리어
[2022-09-17 09:00:04,238][DEBUG|TYANT_2.14.py:1450] >> 로그 데이터 Clear
[2022-09-17 09:10:02,494][DEBUG|TYANT_2.14.py:3387] >> 종목별 일봉 값 업데이트
[2022-09-17 09:10:23,010][DEBUG|TYANT_2.14.py:3995] >> 9시 10 : 일봉 데이터 수집중........
[2022-09-17 09:10:23,673][DEBUG|TYANT_2.14.py:4679] >> 한글 name 불러들이기 성공, 총 = 113
[2022-09-17 09:11:08,482][DEBUG|TYANT_2.14.py:4039] >> 9시 10 : 일봉 데이터 수집 완료
[2022-09-17 09:11:08,486][DEBUG|TYANT_2.14.py:3392] >> 2022-09-16 일일 수익률 = 0
[2022-09-17 09:11:28,503][DEBUG|TYANT_2.14.py:3398] >> 일봉 값 업데이트 완료!!
[2022-09-17 10:00:27,102][DEBUG|TYANT_2.14.py:4531] >> marty74 : 프로그램 작동 감시자 - 이상없음
[2022-09-17 10:00:34,761][DEBUG|TYANT_2.14.py:3406] >> Heartbeat...ing
[2022-09-17 11:15:57,010][DEBUG|TYANT_2.14.py:4531] >> marty74 : 프로그램 작동 감시자 - 이상없음
[2022-09-17 11:16:04,595][DEBUG|TYANT_2.14.py:3406] >> Heartbeat...ing
[2022-09-17 12:31:27,735][DEBUG|TYANT_2.14.py:4531] >> marty74 : 프로그램 작동 감시자 - 이상없음
[2022-09-17 12:31:35,235][DEBUG|TYANT_2.14.py:3406] >> Heartbeat...ing
[2022-09-17 13:46:56,722][DEBUG|TYANT_2.14.py:4531] >> marty74 : 프로그램 작동 감시자 - 이상없음
[2022-09-17 13:47:04,357][DEBUG|TYANT_2.14.py:3406] >> Heartbeat...ing
[2022-09-17 15:02:30,585][DEBUG|TYANT_2.14.py:4531] >> marty74 : 프로그램 작동 감시자 - 이상없음
[2022-09-17 15:02:38,157][DEBUG|TYANT_2.14.py:3406] >> Heartbeat...ing
[2022-09-17 15:44:17,104][DEBUG|TYANT_2.14.py:3816] >> data avr = 49359.29, server avr =49257.82
[2022-09-17 15:44:17,105][DEBUG|TYANT_2.14.py:3825] >> ETC
[2022-09-17 15:44:17,105][DEBUG|TYANT_2.14.py:3826] >> 315.11099665
[2022-09-17 15:44:17,106][DEBUG|TYANT_2.14.py:3827] >> 49257.8224
[2022-09-17 15:44:17,107][DEBUG|TYANT_2.14.py:3903] >> list_val {'currency': 'ETC', 'balance': '315.11099665', 'avg_buy_price': '49257.8224'}
[2022-09-17 15:44:17,107][DEBUG|TYANT_2.14.py:3913] >> ETC
[2022-09-17 15:44:17,108][DEBUG|TYANT_2.14.py:3915] >> 315.11099665
[2022-09-17 15:44:17,108][DEBUG|TYANT_2.14.py:3916] >> 49257.8224
[2022-09-17 15:44:17,109][DEBUG|TYANT_2.14.py:3928] >> fir_price=53340.0, div_per=-1.7, stage=6, next_buy_price=47899.32
[2022-09-17 16:12:54,841][DEBUG|TYANT_2.14.py:1997] >> monitoring_btn_func clicked
[2022-09-17 16:12:56,308][DEBUG|TYANT_2.14.py:424] >> clicked tot_invest_calc_btn
